<?xml version="1.0" encoding="UTF-8"?>
<testng-results skipped="0" failed="0" ignored="0" total="2" passed="2">
  <reporter-output>
  </reporter-output>
  <suite name="Default suite" duration-ms="10497" started-at="2019-01-04T22:10:01Z" finished-at="2019-01-04T22:10:11Z">
    <groups>
    </groups>
    <test name="Default test" duration-ms="10497" started-at="2019-01-04T22:10:01Z" finished-at="2019-01-04T22:10:11Z">
      <class name="com.Test.LoginTest">
        <test-method status="PASS" signature="setUP()[pri:0, instance:com.Test.LoginTest@63753b6d]" name="setUP" is-config="true" duration-ms="5553" started-at="2019-01-04T22:10:01Z" finished-at="2019-01-04T22:10:06Z">
          <reporter-output>
          </reporter-output>
        </test-method> <!-- setUP -->
        <test-method status="PASS" signature="valiadateTitle()[pri:1, instance:com.Test.LoginTest@63753b6d]" name="valiadateTitle" duration-ms="16" started-at="2019-01-04T22:10:06Z" finished-at="2019-01-04T22:10:06Z">
          <reporter-output>
          </reporter-output>
        </test-method> <!-- valiadateTitle -->
        <test-method status="PASS" signature="tearDown()[pri:0, instance:com.Test.LoginTest@63753b6d]" name="tearDown" is-config="true" duration-ms="98" started-at="2019-01-04T22:10:06Z" finished-at="2019-01-04T22:10:06Z">
          <reporter-output>
          </reporter-output>
        </test-method> <!-- tearDown -->
        <test-method status="PASS" signature="setUP()[pri:0, instance:com.Test.LoginTest@63753b6d]" name="setUP" is-config="true" duration-ms="4681" started-at="2019-01-04T22:10:06Z" finished-at="2019-01-04T22:10:11Z">
          <reporter-output>
          </reporter-output>
        </test-method> <!-- setUP -->
        <test-method status="PASS" signature="validatelogo()[pri:2, instance:com.Test.LoginTest@63753b6d]" name="validatelogo" duration-ms="35" started-at="2019-01-04T22:10:11Z" finished-at="2019-01-04T22:10:11Z">
          <reporter-output>
          </reporter-output>
        </test-method> <!-- validatelogo -->
        <test-method status="PASS" signature="tearDown()[pri:0, instance:com.Test.LoginTest@63753b6d]" name="tearDown" is-config="true" duration-ms="88" started-at="2019-01-04T22:10:11Z" finished-at="2019-01-04T22:10:11Z">
          <reporter-output>
          </reporter-output>
        </test-method> <!-- tearDown -->
      </class> <!-- com.Test.LoginTest -->
    </test> <!-- Default test -->
  </suite> <!-- Default suite -->
</testng-results>
